<?xml version="1.0" encoding="UTF-8"?>
<!-- Generated by org.testng.reporters.JUnitXMLReporter -->
<testsuite hostname="DESKTOP-5O266M1" ignored="1" name="Test" tests="22" failures="2" timestamp="28 Feb 2019 08:12:06 GMT" time="0.216" errors="0">
  <testcase name="MobileloginPersonalloan" time="0.011" classname="TestNGPackage.TC01_PersonalLoan"/>
  <testcase name="MobileloginPersonalloan1" time="0.004" classname="TestNGPackage.TC01_PersonalLoan"/>
  <testcase name="WebloginPersonalloan" time="0.004" classname="TestNGPackage.TC01_PersonalLoan"/>
  <testcase name="APIloginPersonalloan" time="0.002" classname="TestNGPackage.TC01_PersonalLoan"/>
  <testcase name="APIloginJewelloan" time="0.002" classname="TestNGPackage.TC02_JewelLoan"/>
  <testcase name="MobileloginJewelloan" time="0.002" classname="TestNGPackage.TC02_JewelLoan"/>
  <testcase name="WebloginJewelloan" time="0.002" classname="TestNGPackage.TC02_JewelLoan"/>
  <testcase name="Aftertest" time="0.002" classname="TestNGPackage.TC03_CarLoan"/>
  <testcase name="MobileSigninCarloan" time="0.001" classname="TestNGPackage.TC03_CarLoan"/>
  <testcase name="MobileSignoutCarloan" time="0.006" classname="TestNGPackage.TC03_CarLoan"/>
  <testcase name="MobileloginCarloan" time="0.001" classname="TestNGPackage.TC03_CarLoan"/>
  <testcase name="WebloginCarloan" time="0.003" classname="TestNGPackage.TC03_CarLoan"/>
  <testcase name="APIloginHomeloan" time="0.001" classname="TestNGPackage.TC04_HomeLoan"/>
  <testcase name="MobileloginHomeloan" time="0.001" classname="TestNGPackage.TC04_HomeLoan"/>
  <testcase name="WebloginCarloan" time="0.005" classname="TestNGPackage.TC04_HomeLoan"/>
  <testcase name="APIloginJewelloan" time="0.0" classname="TestNGPackage.TC05_Parameter">
    <failure type="org.testng.TestNGException" message="
Parameter &amp;apos;URL&amp;apos; is required by @Test on method APIloginJewelloan but has not been marked @Optional or defined
in E:\eclipse\workspace\TestNG\testng_Package_Level.xml">
      <![CDATA[org.testng.TestNGException: 
Parameter 'URL' is required by @Test on method APIloginJewelloan but has not been marked @Optional or defined
in E:\eclipse\workspace\TestNG\testng_Package_Level.xml
... Removed 24 stack frames]]>
    </failure>
  </testcase> <!-- APIloginJewelloan -->
  <testcase name="MobileloginJewelloan" time="0.003" classname="TestNGPackage.TC05_Parameter"/>
  <testcase name="WebloginJewelloan" time="0.0" classname="TestNGPackage.TC05_Parameter">
    <failure type="org.testng.TestNGException" message="
Parameter &amp;apos;URL&amp;apos; is required by @Test on method WebloginJewelloan but has not been marked @Optional or defined
in E:\eclipse\workspace\TestNG\testng_Package_Level.xml">
      <![CDATA[org.testng.TestNGException: 
Parameter 'URL' is required by @Test on method WebloginJewelloan but has not been marked @Optional or defined
in E:\eclipse\workspace\TestNG\testng_Package_Level.xml
... Removed 24 stack frames]]>
    </failure>
  </testcase> <!-- WebloginJewelloan -->
  <testcase name="APIloginPersonalloan" time="0.025" classname="TestNGPackage.TC06_DatProvider"/>
  <testcase name="APIloginPersonalloan" time="0.004" classname="TestNGPackage.TC06_DatProvider"/>
  <testcase name="APIloginPersonalloan" time="0.002" classname="TestNGPackage.TC06_DatProvider"/>
  <testcase name="MobileloginPersonalloan" time="0.003" classname="TestNGPackage.TC06_DatProvider"/>
  <testcase name="APIloginCarloan" time="0.0" classname="TestNGPackage.TC03_CarLoan">
    <ignored/>
  </testcase> <!-- APIloginCarloan -->
</testsuite> <!-- Test -->
